This file contains any messages produced by compilers while
running configure, to aid debugging if configure makes a mistake.

It was created by pomdp-solve configure 5.3, which was
generated by GNU Autoconf 2.59.  Invocation command line was

  $ ./configure 

## --------- ##
## Platform. ##
## --------- ##

hostname = wireless-206-76-69-198.public.utexas.edu
uname -m = x86_64
uname -r = 12.0.0
uname -s = Darwin
uname -v = Darwin Kernel Version 12.0.0: Sun Jun 24 23:00:16 PDT 2012; root:xnu-2050.7.9~1/RELEASE_X86_64

/usr/bin/uname -p = i386
/bin/uname -X     = unknown

/bin/arch              = unknown
/usr/bin/arch -k       = unknown
/usr/convex/getsysinfo = unknown
hostinfo               = Mach kernel version:
	 Darwin Kernel Version 12.0.0: Sun Jun 24 23:00:16 PDT 2012; root:xnu-2050.7.9~1/RELEASE_X86_64
Kernel configured for up to 4 processors.
2 processors are physically available.
4 processors are logically available.
Processor type: i486 (Intel 80486)
Processors active: 0 1 2 3
Primary memory available: 8.00 gigabytes
Default processor set: 148 tasks, 763 threads, 4 processors
Load average: 2.06, Mach factor: 1.92
/bin/machine           = unknown
/usr/bin/oslevel       = unknown
/bin/universe          = unknown

PATH: /usr/bin
PATH: /bin
PATH: /usr/sbin
PATH: /sbin
PATH: /usr/local/bin
PATH: /usr/texbin


## ----------- ##
## Core tests. ##
## ----------- ##

configure:1354: checking for a BSD-compatible install
configure:1409: result: /usr/bin/install -c
configure:1420: checking whether build environment is sane
configure:1463: result: yes
configure:1496: checking for gawk
configure:1525: result: no
configure:1496: checking for mawk
configure:1525: result: no
configure:1496: checking for nawk
configure:1525: result: no
configure:1496: checking for awk
configure:1512: found /usr/bin/awk
configure:1522: result: awk
configure:1532: checking whether make sets $(MAKE)
configure:1552: result: yes
configure:1808: checking for bison
configure:1824: found /usr/bin/bison
configure:1834: result: bison -y
configure:1891: checking for gcc
configure:1907: found /usr/bin/gcc
configure:1917: result: gcc
configure:2161: checking for C compiler version
configure:2164: gcc --version </dev/null >&5
i686-apple-darwin11-llvm-gcc-4.2 (GCC) 4.2.1 (Based on Apple Inc. build 5658) (LLVM build 2336.11.00)
Copyright (C) 2007 Free Software Foundation, Inc.
This is free software; see the source for copying conditions.  There is NO
warranty; not even for MERCHANTABILITY or FITNESS FOR A PARTICULAR PURPOSE.

configure:2167: $? = 0
configure:2169: gcc -v </dev/null >&5
Using built-in specs.
Target: i686-apple-darwin11
Configured with: /private/var/tmp/llvmgcc42/llvmgcc42-2336.11~28/src/configure --disable-checking --enable-werror --prefix=/Applications/Xcode.app/Contents/Developer/usr/llvm-gcc-4.2 --mandir=/share/man --enable-languages=c,objc,c++,obj-c++ --program-prefix=llvm- --program-transform-name=/^[cg][^.-]*$/s/$/-4.2/ --with-slibdir=/usr/lib --build=i686-apple-darwin11 --enable-llvm=/private/var/tmp/llvmgcc42/llvmgcc42-2336.11~28/dst-llvmCore/Developer/usr/local --program-prefix=i686-apple-darwin11- --host=x86_64-apple-darwin11 --target=i686-apple-darwin11 --with-gxx-include-dir=/usr/include/c++/4.2.1
Thread model: posix
gcc version 4.2.1 (Based on Apple Inc. build 5658) (LLVM build 2336.11.00)
configure:2172: $? = 0
configure:2174: gcc -V </dev/null >&5
llvm-gcc-4.2: argument to `-V' is missing
configure:2177: $? = 1
configure:2200: checking for C compiler default output file name
configure:2203: gcc    conftest.c  >&5
configure:2206: $? = 0
configure:2252: result: a.out
configure:2257: checking whether the C compiler works
configure:2263: ./a.out
configure:2266: $? = 0
configure:2283: result: yes
configure:2290: checking whether we are cross compiling
configure:2292: result: no
configure:2295: checking for suffix of executables
configure:2297: gcc -o conftest    conftest.c  >&5
configure:2300: $? = 0
configure:2325: result: 
configure:2331: checking for suffix of object files
configure:2352: gcc -c   conftest.c >&5
configure:2355: $? = 0
configure:2377: result: o
configure:2381: checking whether we are using the GNU C compiler
configure:2405: gcc -c   conftest.c >&5
configure:2411: $? = 0
configure:2415: test -z 
			 || test ! -s conftest.err
configure:2418: $? = 0
configure:2421: test -s conftest.o
configure:2424: $? = 0
configure:2437: result: yes
configure:2443: checking whether gcc accepts -g
configure:2464: gcc -c -g  conftest.c >&5
configure:2470: $? = 0
configure:2474: test -z 
			 || test ! -s conftest.err
configure:2477: $? = 0
configure:2480: test -s conftest.o
configure:2483: $? = 0
configure:2494: result: yes
configure:2511: checking for gcc option to accept ANSI C
configure:2581: gcc  -c -g -O2  conftest.c >&5
configure:2587: $? = 0
configure:2591: test -z 
			 || test ! -s conftest.err
configure:2594: $? = 0
configure:2597: test -s conftest.o
configure:2600: $? = 0
configure:2618: result: none needed
configure:2636: gcc -c -g -O2  conftest.c >&5
conftest.c:2: error: expected '=', ',', ';', 'asm' or '__attribute__' before 'me'
configure:2642: $? = 1
configure: failed program was:
| #ifndef __cplusplus
|   choke me
| #endif
configure:2794: checking for style of include used by make
configure:2822: result: GNU
configure:2850: checking dependency style of gcc
configure:2912: result: gcc3
configure:2922: checking for flex
configure:2938: found /usr/bin/flex
configure:2948: result: flex
configure:2961: checking for yywrap in -lfl
configure:2991: gcc -o conftest -g -O2   conftest.c -lfl   >&5
ld: library not found for -lfl
collect2: ld returned 1 exit status
configure:2997: $? = 1
configure: failed program was:
| /* confdefs.h.  */
| 
| #define PACKAGE_NAME "pomdp-solve"
| #define PACKAGE_TARNAME "pomdp-solve"
| #define PACKAGE_VERSION "5.3"
| #define PACKAGE_STRING "pomdp-solve 5.3"
| #define PACKAGE_BUGREPORT "arc@cassandra.org"
| #define PACKAGE "pomdp-solve"
| #define VERSION "5.3"
| /* end confdefs.h.  */
| 
| /* Override any gcc2 internal prototype to avoid an error.  */
| #ifdef __cplusplus
| extern "C"
| #endif
| /* We use char because int might match the return type of a gcc2
|    builtin and then its argument prototype would still apply.  */
| char yywrap ();
| int
| main ()
| {
| yywrap ();
|   ;
|   return 0;
| }
configure:3023: result: no
configure:3028: checking for yywrap in -ll
configure:3058: gcc -o conftest -g -O2   conftest.c -ll   >&5
configure:3064: $? = 0
configure:3068: test -z 
			 || test ! -s conftest.err
configure:3071: $? = 0
configure:3074: test -s conftest
configure:3077: $? = 0
configure:3090: result: yes
configure:3101: checking lex output file root
configure:3112: flex conftest.l
configure:3115: $? = 0
configure:3127: result: lex.yy
configure:3132: checking whether yytext is a pointer
configure:3148: gcc -o conftest -g -O2   conftest.c  -ll >&5
configure:3154: $? = 0
configure:3158: test -z 
			 || test ! -s conftest.err
configure:3161: $? = 0
configure:3164: test -s conftest
configure:3167: $? = 0
configure:3181: result: yes
configure:3236: checking for ranlib
configure:3252: found /usr/bin/ranlib
configure:3263: result: ranlib
configure:3279: checking for main in -lcplex
configure:3303: gcc -o conftest -g -O2   conftest.c -lcplex   >&5
ld: library not found for -lcplex
collect2: ld returned 1 exit status
configure:3309: $? = 1
configure: failed program was:
| /* confdefs.h.  */
| 
| #define PACKAGE_NAME "pomdp-solve"
| #define PACKAGE_TARNAME "pomdp-solve"
| #define PACKAGE_VERSION "5.3"
| #define PACKAGE_STRING "pomdp-solve 5.3"
| #define PACKAGE_BUGREPORT "arc@cassandra.org"
| #define PACKAGE "pomdp-solve"
| #define VERSION "5.3"
| #define YYTEXT_POINTER 1
| /* end confdefs.h.  */
| 
| 
| int
| main ()
| {
| main ();
|   ;
|   return 0;
| }
configure:3335: result: no
configure:3348: checking for main in -lm
configure:3372: gcc -o conftest -g -O2   conftest.c -lm   >&5
configure:3378: $? = 0
configure:3382: test -z 
			 || test ! -s conftest.err
configure:3385: $? = 0
configure:3388: test -s conftest
configure:3391: $? = 0
configure:3404: result: yes
configure:3422: checking how to run the C preprocessor
configure:3457: gcc -E  conftest.c
configure:3463: $? = 0
configure:3495: gcc -E  conftest.c
conftest.c:13:28: error: ac_nonexistent.h: No such file or directory
configure:3501: $? = 1
configure: failed program was:
| /* confdefs.h.  */
| 
| #define PACKAGE_NAME "pomdp-solve"
| #define PACKAGE_TARNAME "pomdp-solve"
| #define PACKAGE_VERSION "5.3"
| #define PACKAGE_STRING "pomdp-solve 5.3"
| #define PACKAGE_BUGREPORT "arc@cassandra.org"
| #define PACKAGE "pomdp-solve"
| #define VERSION "5.3"
| #define YYTEXT_POINTER 1
| #define HAVE_LIBM 1
| /* end confdefs.h.  */
| #include <ac_nonexistent.h>
configure:3540: result: gcc -E
configure:3564: gcc -E  conftest.c
configure:3570: $? = 0
configure:3602: gcc -E  conftest.c
conftest.c:13:28: error: ac_nonexistent.h: No such file or directory
configure:3608: $? = 1
configure: failed program was:
| /* confdefs.h.  */
| 
| #define PACKAGE_NAME "pomdp-solve"
| #define PACKAGE_TARNAME "pomdp-solve"
| #define PACKAGE_VERSION "5.3"
| #define PACKAGE_STRING "pomdp-solve 5.3"
| #define PACKAGE_BUGREPORT "arc@cassandra.org"
| #define PACKAGE "pomdp-solve"
| #define VERSION "5.3"
| #define YYTEXT_POINTER 1
| #define HAVE_LIBM 1
| /* end confdefs.h.  */
| #include <ac_nonexistent.h>
configure:3652: checking for egrep
configure:3662: result: grep -E
configure:3667: checking for ANSI C header files
configure:3692: gcc -c -g -O2  conftest.c >&5
configure:3698: $? = 0
configure:3702: test -z 
			 || test ! -s conftest.err
configure:3705: $? = 0
configure:3708: test -s conftest.o
configure:3711: $? = 0
configure:3800: gcc -o conftest -g -O2   conftest.c -lm  >&5
conftest.c: In function 'main':
conftest.c:30: warning: incompatible implicit declaration of built-in function 'exit'
configure:3803: $? = 0
configure:3805: ./conftest
configure:3808: $? = 0
configure:3823: result: yes
configure:3847: checking for sys/types.h
configure:3863: gcc -c -g -O2  conftest.c >&5
configure:3869: $? = 0
configure:3873: test -z 
			 || test ! -s conftest.err
configure:3876: $? = 0
configure:3879: test -s conftest.o
configure:3882: $? = 0
configure:3893: result: yes
configure:3847: checking for sys/stat.h
configure:3863: gcc -c -g -O2  conftest.c >&5
configure:3869: $? = 0
configure:3873: test -z 
			 || test ! -s conftest.err
configure:3876: $? = 0
configure:3879: test -s conftest.o
configure:3882: $? = 0
configure:3893: result: yes
configure:3847: checking for stdlib.h
configure:3863: gcc -c -g -O2  conftest.c >&5
configure:3869: $? = 0
configure:3873: test -z 
			 || test ! -s conftest.err
configure:3876: $? = 0
configure:3879: test -s conftest.o
configure:3882: $? = 0
configure:3893: result: yes
configure:3847: checking for string.h
configure:3863: gcc -c -g -O2  conftest.c >&5
configure:3869: $? = 0
configure:3873: test -z 
			 || test ! -s conftest.err
configure:3876: $? = 0
configure:3879: test -s conftest.o
configure:3882: $? = 0
configure:3893: result: yes
configure:3847: checking for memory.h
configure:3863: gcc -c -g -O2  conftest.c >&5
configure:3869: $? = 0
configure:3873: test -z 
			 || test ! -s conftest.err
configure:3876: $? = 0
configure:3879: test -s conftest.o
configure:3882: $? = 0
configure:3893: result: yes
configure:3847: checking for strings.h
configure:3863: gcc -c -g -O2  conftest.c >&5
configure:3869: $? = 0
configure:3873: test -z 
			 || test ! -s conftest.err
configure:3876: $? = 0
configure:3879: test -s conftest.o
configure:3882: $? = 0
configure:3893: result: yes
configure:3847: checking for inttypes.h
configure:3863: gcc -c -g -O2  conftest.c >&5
configure:3869: $? = 0
configure:3873: test -z 
			 || test ! -s conftest.err
configure:3876: $? = 0
configure:3879: test -s conftest.o
configure:3882: $? = 0
configure:3893: result: yes
configure:3847: checking for stdint.h
configure:3863: gcc -c -g -O2  conftest.c >&5
configure:3869: $? = 0
configure:3873: test -z 
			 || test ! -s conftest.err
configure:3876: $? = 0
configure:3879: test -s conftest.o
configure:3882: $? = 0
configure:3893: result: yes
configure:3847: checking for unistd.h
configure:3863: gcc -c -g -O2  conftest.c >&5
configure:3869: $? = 0
configure:3873: test -z 
			 || test ! -s conftest.err
configure:3876: $? = 0
configure:3879: test -s conftest.o
configure:3882: $? = 0
configure:3893: result: yes
configure:3925: checking float.h usability
configure:3937: gcc -c -g -O2  conftest.c >&5
configure:3943: $? = 0
configure:3947: test -z 
			 || test ! -s conftest.err
configure:3950: $? = 0
configure:3953: test -s conftest.o
configure:3956: $? = 0
configure:3966: result: yes
configure:3970: checking float.h presence
configure:3980: gcc -E  conftest.c
configure:3986: $? = 0
configure:4006: result: yes
configure:4041: checking for float.h
configure:4048: result: yes
configure:3925: checking limits.h usability
configure:3937: gcc -c -g -O2  conftest.c >&5
configure:3943: $? = 0
configure:3947: test -z 
			 || test ! -s conftest.err
configure:3950: $? = 0
configure:3953: test -s conftest.o
configure:3956: $? = 0
configure:3966: result: yes
configure:3970: checking limits.h presence
configure:3980: gcc -E  conftest.c
configure:3986: $? = 0
configure:4006: result: yes
configure:4041: checking for limits.h
configure:4048: result: yes
configure:3925: checking stddef.h usability
configure:3937: gcc -c -g -O2  conftest.c >&5
configure:3943: $? = 0
configure:3947: test -z 
			 || test ! -s conftest.err
configure:3950: $? = 0
configure:3953: test -s conftest.o
configure:3956: $? = 0
configure:3966: result: yes
configure:3970: checking stddef.h presence
configure:3980: gcc -E  conftest.c
configure:3986: $? = 0
configure:4006: result: yes
configure:4041: checking for stddef.h
configure:4048: result: yes
configure:3916: checking for stdlib.h
configure:3921: result: yes
configure:3916: checking for string.h
configure:3921: result: yes
configure:3925: checking sys/time.h usability
configure:3937: gcc -c -g -O2  conftest.c >&5
configure:3943: $? = 0
configure:3947: test -z 
			 || test ! -s conftest.err
configure:3950: $? = 0
configure:3953: test -s conftest.o
configure:3956: $? = 0
configure:3966: result: yes
configure:3970: checking sys/time.h presence
configure:3980: gcc -E  conftest.c
configure:3986: $? = 0
configure:4006: result: yes
configure:4041: checking for sys/time.h
configure:4048: result: yes
configure:3916: checking for unistd.h
configure:3921: result: yes
configure:4063: checking for an ANSI C-conforming const
configure:4130: gcc -c -g -O2  conftest.c >&5
configure:4136: $? = 0
configure:4140: test -z 
			 || test ! -s conftest.err
configure:4143: $? = 0
configure:4146: test -s conftest.o
configure:4149: $? = 0
configure:4160: result: yes
configure:4170: checking for size_t
configure:4194: gcc -c -g -O2  conftest.c >&5
configure:4200: $? = 0
configure:4204: test -z 
			 || test ! -s conftest.err
configure:4207: $? = 0
configure:4210: test -s conftest.o
configure:4213: $? = 0
configure:4224: result: yes
configure:4236: checking whether time.h and sys/time.h may both be included
configure:4261: gcc -c -g -O2  conftest.c >&5
configure:4267: $? = 0
configure:4271: test -z 
			 || test ! -s conftest.err
configure:4274: $? = 0
configure:4277: test -s conftest.o
configure:4280: $? = 0
configure:4291: result: yes
configure:4303: checking for error_at_line
configure:4324: gcc -o conftest -g -O2   conftest.c -lm  >&5
Undefined symbols for architecture x86_64:
  "_error_at_line", referenced from:
      _main in ccYMoCf7.o
ld: symbol(s) not found for architecture x86_64
collect2: ld returned 1 exit status
configure:4330: $? = 1
configure: failed program was:
| /* confdefs.h.  */
| 
| #define PACKAGE_NAME "pomdp-solve"
| #define PACKAGE_TARNAME "pomdp-solve"
| #define PACKAGE_VERSION "5.3"
| #define PACKAGE_STRING "pomdp-solve 5.3"
| #define PACKAGE_BUGREPORT "arc@cassandra.org"
| #define PACKAGE "pomdp-solve"
| #define VERSION "5.3"
| #define YYTEXT_POINTER 1
| #define HAVE_LIBM 1
| #define STDC_HEADERS 1
| #define HAVE_SYS_TYPES_H 1
| #define HAVE_SYS_STAT_H 1
| #define HAVE_STDLIB_H 1
| #define HAVE_STRING_H 1
| #define HAVE_MEMORY_H 1
| #define HAVE_STRINGS_H 1
| #define HAVE_INTTYPES_H 1
| #define HAVE_STDINT_H 1
| #define HAVE_UNISTD_H 1
| #define HAVE_FLOAT_H 1
| #define HAVE_LIMITS_H 1
| #define HAVE_STDDEF_H 1
| #define HAVE_STDLIB_H 1
| #define HAVE_STRING_H 1
| #define HAVE_SYS_TIME_H 1
| #define HAVE_UNISTD_H 1
| #define TIME_WITH_SYS_TIME 1
| /* end confdefs.h.  */
| #include <stdio.h>
| #if HAVE_SYS_TYPES_H
| # include <sys/types.h>
| #endif
| #if HAVE_SYS_STAT_H
| # include <sys/stat.h>
| #endif
| #if STDC_HEADERS
| # include <stdlib.h>
| # include <stddef.h>
| #else
| # if HAVE_STDLIB_H
| #  include <stdlib.h>
| # endif
| #endif
| #if HAVE_STRING_H
| # if !STDC_HEADERS && HAVE_MEMORY_H
| #  include <memory.h>
| # endif
| # include <string.h>
| #endif
| #if HAVE_STRINGS_H
| # include <strings.h>
| #endif
| #if HAVE_INTTYPES_H
| # include <inttypes.h>
| #else
| # if HAVE_STDINT_H
| #  include <stdint.h>
| # endif
| #endif
| #if HAVE_UNISTD_H
| # include <unistd.h>
| #endif
| int
| main ()
| {
| error_at_line (0, 0, "", 0, "");
|   ;
|   return 0;
| }
configure:4355: result: no
configure:4373: checking for stdlib.h
configure:4378: result: yes
configure:4518: checking for GNU libc compatible malloc
configure:4547: gcc -o conftest -g -O2   conftest.c -lm  >&5
configure:4550: $? = 0
configure:4552: ./conftest
configure:4555: $? = 0
configure:4569: result: yes
configure:4604: checking for stdlib.h
configure:4609: result: yes
configure:4749: checking for GNU libc compatible realloc
configure:4778: gcc -o conftest -g -O2   conftest.c -lm  >&5
configure:4781: $? = 0
configure:4783: ./conftest
configure:4786: $? = 0
configure:4800: result: yes
configure:4830: checking return type of signal handlers
configure:4861: gcc -c -g -O2  conftest.c >&5
configure:4867: $? = 0
configure:4871: test -z 
			 || test ! -s conftest.err
configure:4874: $? = 0
configure:4877: test -s conftest.o
configure:4880: $? = 0
configure:4891: result: void
configure:4899: checking for working strtod
configure:4942: gcc -o conftest -g -O2   conftest.c -lm  >&5
conftest.c: In function 'main':
conftest.c:48: warning: incompatible implicit declaration of built-in function 'exit'
conftest.c:58: warning: incompatible implicit declaration of built-in function 'exit'
conftest.c:60: warning: incompatible implicit declaration of built-in function 'exit'
configure:4945: $? = 0
configure:4947: ./conftest
configure:4950: $? = 0
configure:4964: result: yes
configure:5146: checking for vprintf
configure:5203: gcc -o conftest -g -O2   conftest.c -lm  >&5
conftest.c:60: warning: conflicting types for built-in function 'vprintf'
configure:5209: $? = 0
configure:5213: test -z 
			 || test ! -s conftest.err
configure:5216: $? = 0
configure:5219: test -s conftest
configure:5222: $? = 0
configure:5234: result: yes
configure:5241: checking for _doprnt
configure:5298: gcc -o conftest -g -O2   conftest.c -lm  >&5
Undefined symbols for architecture x86_64:
  "__doprnt", referenced from:
      _main in cc1Gynqc.o
      _f in cc1Gynqc.o
ld: symbol(s) not found for architecture x86_64
collect2: ld returned 1 exit status
configure:5304: $? = 1
configure: failed program was:
| /* confdefs.h.  */
| 
| #define PACKAGE_NAME "pomdp-solve"
| #define PACKAGE_TARNAME "pomdp-solve"
| #define PACKAGE_VERSION "5.3"
| #define PACKAGE_STRING "pomdp-solve 5.3"
| #define PACKAGE_BUGREPORT "arc@cassandra.org"
| #define PACKAGE "pomdp-solve"
| #define VERSION "5.3"
| #define YYTEXT_POINTER 1
| #define HAVE_LIBM 1
| #define STDC_HEADERS 1
| #define HAVE_SYS_TYPES_H 1
| #define HAVE_SYS_STAT_H 1
| #define HAVE_STDLIB_H 1
| #define HAVE_STRING_H 1
| #define HAVE_MEMORY_H 1
| #define HAVE_STRINGS_H 1
| #define HAVE_INTTYPES_H 1
| #define HAVE_STDINT_H 1
| #define HAVE_UNISTD_H 1
| #define HAVE_FLOAT_H 1
| #define HAVE_LIMITS_H 1
| #define HAVE_STDDEF_H 1
| #define HAVE_STDLIB_H 1
| #define HAVE_STRING_H 1
| #define HAVE_SYS_TIME_H 1
| #define HAVE_UNISTD_H 1
| #define TIME_WITH_SYS_TIME 1
| #define HAVE_STDLIB_H 1
| #define HAVE_MALLOC 1
| #define HAVE_STDLIB_H 1
| #define HAVE_REALLOC 1
| #define RETSIGTYPE void
| #define HAVE_VPRINTF 1
| /* end confdefs.h.  */
| /* Define _doprnt to an innocuous variant, in case <limits.h> declares _doprnt.
|    For example, HP-UX 11i <limits.h> declares gettimeofday.  */
| #define _doprnt innocuous__doprnt
| 
| /* System header to define __stub macros and hopefully few prototypes,
|     which can conflict with char _doprnt (); below.
|     Prefer <limits.h> to <assert.h> if __STDC__ is defined, since
|     <limits.h> exists even on freestanding compilers.  */
| 
| #ifdef __STDC__
| # include <limits.h>
| #else
| # include <assert.h>
| #endif
| 
| #undef _doprnt
| 
| /* Override any gcc2 internal prototype to avoid an error.  */
| #ifdef __cplusplus
| extern "C"
| {
| #endif
| /* We use char because int might match the return type of a gcc2
|    builtin and then its argument prototype would still apply.  */
| char _doprnt ();
| /* The GNU C library defines this for functions which it implements
|     to always fail with ENOSYS.  Some functions are actually named
|     something starting with __ and the normal name is an alias.  */
| #if defined (__stub__doprnt) || defined (__stub____doprnt)
| choke me
| #else
| char (*f) () = _doprnt;
| #endif
| #ifdef __cplusplus
| }
| #endif
| 
| int
| main ()
| {
| return f != _doprnt;
|   ;
|   return 0;
| }
configure:5329: result: no
configure:5353: checking for bzero
configure:5410: gcc -o conftest -g -O2   conftest.c -lm  >&5
conftest.c:61: warning: conflicting types for built-in function 'bzero'
configure:5416: $? = 0
configure:5420: test -z 
			 || test ! -s conftest.err
configure:5423: $? = 0
configure:5426: test -s conftest
configure:5429: $? = 0
configure:5441: result: yes
configure:5353: checking for floor
configure:5410: gcc -o conftest -g -O2   conftest.c -lm  >&5
conftest.c:62: warning: conflicting types for built-in function 'floor'
configure:5416: $? = 0
configure:5420: test -z 
			 || test ! -s conftest.err
configure:5423: $? = 0
configure:5426: test -s conftest
configure:5429: $? = 0
configure:5441: result: yes
configure:5353: checking for gettimeofday
configure:5410: gcc -o conftest -g -O2   conftest.c -lm  >&5
configure:5416: $? = 0
configure:5420: test -z 
			 || test ! -s conftest.err
configure:5423: $? = 0
configure:5426: test -s conftest
configure:5429: $? = 0
configure:5441: result: yes
configure:5353: checking for memset
configure:5410: gcc -o conftest -g -O2   conftest.c -lm  >&5
conftest.c:64: warning: conflicting types for built-in function 'memset'
configure:5416: $? = 0
configure:5420: test -z 
			 || test ! -s conftest.err
configure:5423: $? = 0
configure:5426: test -s conftest
configure:5429: $? = 0
configure:5441: result: yes
configure:5353: checking for pow
configure:5410: gcc -o conftest -g -O2   conftest.c -lm  >&5
conftest.c:65: warning: conflicting types for built-in function 'pow'
configure:5416: $? = 0
configure:5420: test -z 
			 || test ! -s conftest.err
configure:5423: $? = 0
configure:5426: test -s conftest
configure:5429: $? = 0
configure:5441: result: yes
configure:5353: checking for sqrt
configure:5410: gcc -o conftest -g -O2   conftest.c -lm  >&5
conftest.c:66: warning: conflicting types for built-in function 'sqrt'
configure:5416: $? = 0
configure:5420: test -z 
			 || test ! -s conftest.err
configure:5423: $? = 0
configure:5426: test -s conftest
configure:5429: $? = 0
configure:5441: result: yes
configure:5353: checking for strstr
configure:5410: gcc -o conftest -g -O2   conftest.c -lm  >&5
conftest.c:67: warning: conflicting types for built-in function 'strstr'
configure:5416: $? = 0
configure:5420: test -z 
			 || test ! -s conftest.err
configure:5423: $? = 0
configure:5426: test -s conftest
configure:5429: $? = 0
configure:5441: result: yes
configure:5597: creating ./config.status

## ---------------------- ##
## Running config.status. ##
## ---------------------- ##

This file was extended by pomdp-solve config.status 5.3, which was
generated by GNU Autoconf 2.59.  Invocation command line was

  CONFIG_FILES    = 
  CONFIG_HEADERS  = 
  CONFIG_LINKS    = 
  CONFIG_COMMANDS = 
  $ ./config.status 

on wireless-206-76-69-198.public.utexas.edu

config.status:700: creating Makefile
config.status:700: creating src/Makefile
config.status:700: creating src/mdp/Makefile
config.status:700: creating src/lp-solve/Makefile
config.status:700: creating src/laspack/Makefile
config.status:700: creating testing/Makefile
config.status:804: creating config.h
config.status:974: config.h is unchanged
config.status:1138: executing depfiles commands

## ---------------- ##
## Cache variables. ##
## ---------------- ##

ac_cv_c_compiler_gnu=yes
ac_cv_c_const=yes
ac_cv_env_CC_set=
ac_cv_env_CC_value=
ac_cv_env_CFLAGS_set=
ac_cv_env_CFLAGS_value=
ac_cv_env_CPPFLAGS_set=
ac_cv_env_CPPFLAGS_value=
ac_cv_env_CPP_set=
ac_cv_env_CPP_value=
ac_cv_env_LDFLAGS_set=
ac_cv_env_LDFLAGS_value=
ac_cv_env_build_alias_set=
ac_cv_env_build_alias_value=
ac_cv_env_host_alias_set=
ac_cv_env_host_alias_value=
ac_cv_env_target_alias_set=
ac_cv_env_target_alias_value=
ac_cv_exeext=
ac_cv_func__doprnt=no
ac_cv_func_bzero=yes
ac_cv_func_floor=yes
ac_cv_func_gettimeofday=yes
ac_cv_func_malloc_0_nonnull=yes
ac_cv_func_memset=yes
ac_cv_func_pow=yes
ac_cv_func_realloc_0_nonnull=yes
ac_cv_func_sqrt=yes
ac_cv_func_strstr=yes
ac_cv_func_strtod=yes
ac_cv_func_vprintf=yes
ac_cv_header_float_h=yes
ac_cv_header_inttypes_h=yes
ac_cv_header_limits_h=yes
ac_cv_header_memory_h=yes
ac_cv_header_stdc=yes
ac_cv_header_stddef_h=yes
ac_cv_header_stdint_h=yes
ac_cv_header_stdlib_h=yes
ac_cv_header_string_h=yes
ac_cv_header_strings_h=yes
ac_cv_header_sys_stat_h=yes
ac_cv_header_sys_time_h=yes
ac_cv_header_sys_types_h=yes
ac_cv_header_time=yes
ac_cv_header_unistd_h=yes
ac_cv_lib_cplex_main=no
ac_cv_lib_error_at_line=no
ac_cv_lib_fl_yywrap=no
ac_cv_lib_l_yywrap=yes
ac_cv_lib_m_main=yes
ac_cv_objext=o
ac_cv_path_install='/usr/bin/install -c'
ac_cv_prog_AWK=awk
ac_cv_prog_CPP='gcc -E'
ac_cv_prog_LEX=flex
ac_cv_prog_YACC='bison -y'
ac_cv_prog_ac_ct_CC=gcc
ac_cv_prog_ac_ct_RANLIB=ranlib
ac_cv_prog_cc_g=yes
ac_cv_prog_cc_stdc=
ac_cv_prog_egrep='grep -E'
ac_cv_prog_lex_root=lex.yy
ac_cv_prog_lex_yytext_pointer=yes
ac_cv_prog_make_make_set=yes
ac_cv_type_signal=void
ac_cv_type_size_t=yes
am_cv_CC_dependencies_compiler_type=gcc3

## ----------------- ##
## Output variables. ##
## ----------------- ##

ACLOCAL='${SHELL} /Users/njb786/Desktop/releapfrogstuff/pomdp-solve-5.3/missing --run aclocal-1.6'
AMDEPBACKSLASH='\'
AMDEP_FALSE='#'
AMDEP_TRUE=''
AMTAR='${SHELL} /Users/njb786/Desktop/releapfrogstuff/pomdp-solve-5.3/missing --run tar'
AUTOCONF='${SHELL} /Users/njb786/Desktop/releapfrogstuff/pomdp-solve-5.3/missing --run autoconf'
AUTOHEADER='${SHELL} /Users/njb786/Desktop/releapfrogstuff/pomdp-solve-5.3/missing --run autoheader'
AUTOMAKE='${SHELL} /Users/njb786/Desktop/releapfrogstuff/pomdp-solve-5.3/missing --run automake-1.6'
AWK='awk'
CC='gcc'
CCDEPMODE='depmode=gcc3'
CFLAGS='-g -O2'
CPP='gcc -E'
CPPFLAGS=''
DEBUG_FALSE=''
DEBUG_TRUE='#'
DEFS='-DHAVE_CONFIG_H'
DEPDIR='.deps'
DMALLOC_FALSE=''
DMALLOC_TRUE='#'
ECHO_C='ECHO_N=''
ECHO_T=''
EGREP='grep -E'
EXEEXT=''
INSTALL_DATA='${INSTALL} -m 644'
INSTALL_PROGRAM='${INSTALL}'
INSTALL_SCRIPT='${INSTALL}'
INSTALL_STRIP_PROGRAM='${SHELL} $(install_sh) -c -s'
LDFLAGS=''
LEX='flex'
LEXLIB='-ll'
LEX_OUTPUT_ROOT='lex.yy'
LIBOBJS=' error$U.o'
LIBS='-lm '
LTLIBOBJS=' error$U.lo'
MAKEINFO='${SHELL} /Users/njb786/Desktop/releapfrogstuff/pomdp-solve-5.3/missing --run makeinfo'
OBJEXT='o'
PACKAGE='pomdp-solve'
PACKAGE_BUGREPORT='arc@cassandra.org'
PACKAGE_NAME='pomdp-solve'
PACKAGE_STRING='pomdp-solve 5.3'
PACKAGE_TARNAME='pomdp-solve'
PACKAGE_VERSION='5.3'
PATH_SEPARATOR=':'
POW_LIB=''
PROFILE_FALSE=''
PROFILE_TRUE='#'
RANLIB='ranlib'
SET_MAKE=''
SHELL='/bin/sh'
STRIP=''
VERSION='5.3'
YACC='bison -y'
ac_ct_CC='gcc'
ac_ct_RANLIB='ranlib'
ac_ct_STRIP=''
am__include='include'
am__quote=''
bindir='${exec_prefix}/bin'
build_alias=''
datadir='${prefix}/share'
exec_prefix='${prefix}'
host_alias=''
includedir='${prefix}/include'
infodir='${prefix}/info'
install_sh='/Users/njb786/Desktop/releapfrogstuff/pomdp-solve-5.3/install-sh'
libdir='${exec_prefix}/lib'
libexecdir='${exec_prefix}/libexec'
localstatedir='${prefix}/var'
mandir='${prefix}/man'
oldincludedir='/usr/include'
prefix='/usr/local'
program_transform_name='s,x,x,'
sbindir='${exec_prefix}/sbin'
sharedstatedir='${prefix}/com'
sysconfdir='${prefix}/etc'
target_alias=''

## ----------- ##
## confdefs.h. ##
## ----------- ##

#define HAVE_BZERO 1
#define HAVE_FLOAT_H 1
#define HAVE_FLOOR 1
#define HAVE_GETTIMEOFDAY 1
#define HAVE_INTTYPES_H 1
#define HAVE_LIBM 1
#define HAVE_LIMITS_H 1
#define HAVE_MALLOC 1
#define HAVE_MEMORY_H 1
#define HAVE_MEMSET 1
#define HAVE_POW 1
#define HAVE_REALLOC 1
#define HAVE_SQRT 1
#define HAVE_STDDEF_H 1
#define HAVE_STDINT_H 1
#define HAVE_STDLIB_H 1
#define HAVE_STDLIB_H 1
#define HAVE_STDLIB_H 1
#define HAVE_STDLIB_H 1
#define HAVE_STRINGS_H 1
#define HAVE_STRING_H 1
#define HAVE_STRING_H 1
#define HAVE_STRSTR 1
#define HAVE_SYS_STAT_H 1
#define HAVE_SYS_TIME_H 1
#define HAVE_SYS_TYPES_H 1
#define HAVE_UNISTD_H 1
#define HAVE_UNISTD_H 1
#define HAVE_VPRINTF 1
#define PACKAGE "pomdp-solve"
#define PACKAGE_BUGREPORT "arc@cassandra.org"
#define PACKAGE_NAME "pomdp-solve"
#define PACKAGE_STRING "pomdp-solve 5.3"
#define PACKAGE_TARNAME "pomdp-solve"
#define PACKAGE_VERSION "5.3"
#define RETSIGTYPE void
#define STDC_HEADERS 1
#define TIME_WITH_SYS_TIME 1
#define VERSION "5.3"
#define YYTEXT_POINTER 1

configure: exit 0
